#
# An unexpected error has been detected by Java Runtime Environment:
#
#  Internal Error (0xe06d7363), pid=2796, tid=2800
#
# Java VM: Java HotSpot(TM) Client VM (1.6.0-b105 mixed mode)
# Problematic frame:
# C  [kernel32.dll+0x12aeb]
#
# If you would like to submit a bug report, please visit:
#   http://java.sun.com/webapps/bugreport/crash.jsp
#

---------------  T H R E A D  ---------------

Current thread (0x03c9d400):  JavaThread "main" [_thread_in_native, id=2800]

siginfo: ExceptionCode=0xe06d7363, ExceptionInformation=0x19930520 0x00d36ca0 0x788099a0 

Registers:
EAX=0x00d36be0, EBX=0x016e74f8, ECX=0x00000000, EDX=0x1b5a88f0
ESP=0x00d36bdc, EBP=0x00d36c30, ESI=0x00d36c68, EDI=0x7a70d130
EIP=0x7c812aeb, EFLAGS=0x00200206

Top of Stack: (sp=0x00d36bdc)
0x00d36bdc:   00000000 e06d7363 00000001 00000000
0x00d36bec:   7c812aeb 00000003 19930520 00d36ca0
0x00d36bfc:   788099a0 ffffffff 00d36c10 7acdb640
0x00d36c0c:   1b5ac720 00d36c1c 7acdb7aa 1b5ac720
0x00d36c1c:   00d36c40 7a71a4dc 1b5ac720 00000000
0x00d36c2c:   1b5ac720 00d36c68 78158e69 e06d7363
0x00d36c3c:   00000001 00000003 00d36c5c e06d7363
0x00d36c4c:   00000001 00000000 00000000 00000003 

Instructions: (pc=0x7c812aeb)
0x7c812adb:   8d 7d c4 f3 a5 5f 8d 45 b0 50 ff 15 10 15 80 7c
0x7c812aeb:   5e c9 c2 10 00 85 ff 0f 8e 36 93 ff ff 8b 55 fc 


Stack: [0x00540000,0x00d40000),  sp=0x00d36bdc,  free space=8154k
Native frames: (J=compiled Java code, j=interpreted, Vv=VM code, C=native code)
C  [kernel32.dll+0x12aeb]
C  [MSVCR80.dll+0x28e69]
C  [hg.dll+0xcd2eb]
C  [hg.dll+0xc3e09]
C  [udd.dll+0x33d39]
C  [udd.dll+0x34266]
C  [udd.dll+0x306d1]
C  [udd.dll+0x32659]
C  [udd.dll+0x8a1a]
C  [hg.dll+0xcab74]
C  [hg.dll+0xbb4c4]
C  [hg.dll+0xbb52e]
C  [hg.dll+0xc6b10]
C  [hg.dll+0xc550c]
C  [hg.dll+0xb955d]
C  [hg.dll+0xc1443]
C  [hg.dll+0xbdcd8]
C  [hg.dll+0xc15f1]
C  [hg.dll+0xc2f14]
C  [m_dispatcher.dll+0x18b36]
C  [m_dispatcher.dll+0x840a]
C  [m_interpreter.dll+0x5557d]
C  [m_interpreter.dll+0x24782]
C  [m_interpreter.dll+0x25382]
C  [m_interpreter.dll+0x2636a]
C  [m_interpreter.dll+0x264be]
C  [m_interpreter.dll+0x26dd2]
C  [m_interpreter.dll+0x61e97]
C  [m_interpreter.dll+0x4485d]
C  [m_interpreter.dll+0x4488c]
C  [m_dispatcher.dll+0x347e1]
C  [m_interpreter.dll+0x5557d]
C  [m_interpreter.dll+0x24782]
C  [m_interpreter.dll+0x25382]
C  [m_interpreter.dll+0x2636a]
C  [m_interpreter.dll+0x264be]
C  [m_interpreter.dll+0x26dd2]
C  [m_interpreter.dll+0x61e97]
C  [m_interpreter.dll+0x4485d]
C  [m_interpreter.dll+0x4488c]
C  [m_dispatcher.dll+0x347e1]
C  [m_dispatcher.dll+0x143f7]
C  [m_dispatcher.dll+0x1705d]
C  [libmx.dll+0x1d4f6]
C  [m_interpreter.dll+0x3c508]
C  [m_dispatcher.dll+0x18b36]
C  [m_dispatcher.dll+0x840a]
C  [m_interpreter.dll+0x5557d]
C  [m_interpreter.dll+0x24782]
C  [m_interpreter.dll+0x25382]
C  [m_interpreter.dll+0x2636a]
C  [m_interpreter.dll+0x264be]
C  [m_interpreter.dll+0x26dd2]
C  [m_interpreter.dll+0x61e97]
C  [m_interpreter.dll+0x4485d]
C  [m_interpreter.dll+0x4488c]
C  [m_dispatcher.dll+0x347e1]
C  [m_interpreter.dll+0x5557d]
C  [m_interpreter.dll+0x24782]
C  [m_interpreter.dll+0x25382]
C  [m_interpreter.dll+0x2636a]
C  [m_interpreter.dll+0x264be]
C  [m_interpreter.dll+0x26dd2]
C  [m_interpreter.dll+0x61e97]
C  [m_interpreter.dll+0x4485d]
C  [m_interpreter.dll+0x4488c]
C  [m_dispatcher.dll+0x347e1]
C  [m_dispatcher.dll+0x1705d]
C  [libmx.dll+0x1d4f6]
C  [m_interpreter.dll+0x3c508]
C  [m_dispatcher.dll+0x18b36]
C  [m_dispatcher.dll+0x840a]
C  [m_interpreter.dll+0x5557d]
C  [m_interpreter.dll+0x24782]
C  [m_interpreter.dll+0x25382]
C  [m_interpreter.dll+0x2636a]
C  [m_interpreter.dll+0x264be]
C  [m_interpreter.dll+0x26dd2]
C  [m_interpreter.dll+0x61e97]
C  [m_interpreter.dll+0x4485d]
C  [m_interpreter.dll+0x4488c]
C  [m_dispatcher.dll+0x347e1]
C  [mcos.dll+0x6f931]
C  [mcos.dll+0x631b4]
C  [mcos.dll+0x73d99]
C  [mcos.dll+0x743d0]
C  [mcos.dll+0xb395d]
C  [m_dispatcher.dll+0x840a]
C  [m_interpreter.dll+0x5557d]
C  [m_interpreter.dll+0x24782]
C  [m_interpreter.dll+0x25382]
C  [m_interpreter.dll+0x2636a]
C  [m_interpreter.dll+0x264be]
C  [m_interpreter.dll+0x26dd2]
C  [m_interpreter.dll+0x61e97]
C  [m_interpreter.dll+0x4485d]
C  [m_interpreter.dll+0x4488c]
C  [m_dispatcher.dll+0x347e1]
C  [m_interpreter.dll+0x3c28d]
C  [m_interpreter.dll+0x3c342]
...<more frames>...

Java frames: (J=compiled Java code, j=interpreted, Vv=VM code)
J  com.mathworks.jmi.NativeMatlab.SendMatlabMessage(Ljava/lang/Object;)Ljava/lang/Object;
J  com.mathworks.jmi.Matlab.mtFevalConsoleOutput(Ljava/lang/String;[Ljava/lang/Object;I)Ljava/lang/Object;
J  com.mathworks.timer.MWCallback$callbackEvent.run()V
J  com.mathworks.jmi.NativeMatlab.dispatchMTRequests(Z)V
v  ~StubRoutines::call_stub

---------------  P R O C E S S  ---------------

Java Threads: ( => current thread )
  0x14857c00 JavaThread "Thread-9277" [_thread_blocked, id=3204]
  0x14069400 JavaThread "Thread-5459" [_thread_blocked, id=2600]
  0x148bb800 JavaThread "Thread-3316" [_thread_blocked, id=2188]
  0x146e3400 JavaThread "Prefs Updater" [_thread_blocked, id=4076]
  0x14484400 JavaThread "Thread-49" [_thread_blocked, id=3272]
  0x145b7000 JavaThread "Thread-45" [_thread_in_native, id=3084]
  0x13d63000 JavaThread "Thread-17" [_thread_blocked, id=2952]
  0x13b37000 JavaThread "Thread-16" [_thread_blocked, id=2948]
  0x13b34400 JavaThread "Thread-15" [_thread_blocked, id=2944]
  0x13b31c00 JavaThread "Thread-14" [_thread_blocked, id=2940]
  0x13adc800 JavaThread "Thread-13" [_thread_blocked, id=2936]
  0x13a9d000 JavaThread "Thread-11" [_thread_blocked, id=2928]
  0x13a14800 JavaThread "Thread-10" [_thread_blocked, id=2924]
  0x13a10c00 JavaThread "Thread-9" [_thread_blocked, id=2920]
  0x13a45c00 JavaThread "Thread-8" [_thread_blocked, id=2916]
  0x13acb400 JavaThread "Thread-7" [_thread_blocked, id=2912]
  0x03d7f000 JavaThread "Thread-6" [_thread_blocked, id=2908]
  0x1440d400 JavaThread "Thread-5" [_thread_blocked, id=2904]
  0x143fa400 JavaThread "Active Reference Queue Daemon" daemon [_thread_blocked, id=2900]
  0x143ed400 JavaThread "Timer-2" daemon [_thread_blocked, id=2896]
  0x13d60400 JavaThread "Timer-1" daemon [_thread_blocked, id=2892]
  0x1439e400 JavaThread "TimerQueue" daemon [_thread_blocked, id=2884]
  0x14242800 JavaThread "AWT-EventQueue-0" [_thread_blocked, id=2880]
  0x14237c00 JavaThread "AWT-Shutdown" [_thread_blocked, id=2876]
  0x13992400 JavaThread "Timer-0" [_thread_blocked, id=2860]
  0x03dc9c00 JavaThread "AWT-Windows" daemon [_thread_in_native, id=2856]
  0x13962c00 JavaThread "Java2D Disposer" daemon [_thread_blocked, id=2848]
  0x03d71000 JavaThread "Low Memory Detector" daemon [_thread_blocked, id=2840]
  0x03d6c400 JavaThread "CompilerThread0" daemon [_thread_blocked, id=2836]
  0x03d6b800 JavaThread "Attach Listener" daemon [_thread_blocked, id=2832]
  0x03d5d400 JavaThread "Finalizer" daemon [_thread_blocked, id=2828]
  0x03d59000 JavaThread "Reference Handler" daemon [_thread_blocked, id=2824]
=>0x03c9d400 JavaThread "main" [_thread_in_native, id=2800]

Other Threads:
  0x03d56000 VMThread [id=2820]
  0x03d83c00 WatcherThread [id=2844]

VM state:not at safepoint (normal execution)

VM Mutex/Monitor currently owned by a thread: None

Heap
 def new generation   total 29504K, used 6644K [0x05e60000, 0x07e60000, 0x07e60000)
  eden space 26240K,  25% used [0x05e60000, 0x064dd108, 0x07800000)
  from space 3264K,   0% used [0x07b30000, 0x07b30000, 0x07e60000)
  to   space 3264K,   0% used [0x07800000, 0x07800000, 0x07b30000)
 tenured generation   total 98304K, used 61470K [0x07e60000, 0x0de60000, 0x0de60000)
   the space 98304K,  62% used [0x07e60000, 0x0ba67bc0, 0x0ba67c00, 0x0de60000)
 compacting perm gen  total 32768K, used 29234K [0x0de60000, 0x0fe60000, 0x11e60000)
   the space 32768K,  89% used [0x0de60000, 0x0faecbc8, 0x0faecc00, 0x0fe60000)
No shared spaces configured.

Dynamic libraries:
0x00400000 - 0x00536000 	C:\Program Files\MATLAB\R2008a\bin\win32\MATLAB.exe
0x7c900000 - 0x7c9af000 	C:\WINDOWS\system32\ntdll.dll
0x7c800000 - 0x7c8f6000 	C:\WINDOWS\system32\kernel32.dll
0x7ac90000 - 0x7ad5b000 	C:\Program Files\MATLAB\R2008a\bin\win32\libut.dll
0x76c90000 - 0x76cb8000 	C:\WINDOWS\system32\imagehlp.dll
0x77c10000 - 0x77c68000 	C:\WINDOWS\system32\msvcrt.dll
0x76bf0000 - 0x76bfb000 	C:\WINDOWS\system32\PSAPI.DLL
0x7b4d0000 - 0x7b4ef000 	C:\Program Files\MATLAB\R2008a\bin\win32\LIBEXPAT.dll
0x78130000 - 0x781cb000 	C:\WINDOWS\WinSxS\x86_Microsoft.VC80.CRT_1fc8b3b9a1e18e3b_8.0.50727.762_x-ww_6b128700\MSVCR80.dll
0x7b040000 - 0x7b117000 	C:\Program Files\MATLAB\R2008a\bin\win32\icuuc36.dll
0x77dd0000 - 0x77e6b000 	C:\WINDOWS\system32\ADVAPI32.dll
0x77e70000 - 0x77f02000 	C:\WINDOWS\system32\RPCRT4.dll
0x77fe0000 - 0x77ff1000 	C:\WINDOWS\system32\Secur32.dll
0x7a820000 - 0x7a824000 	C:\Program Files\MATLAB\R2008a\bin\win32\icudt36.dll
0x7a830000 - 0x7a83c000 	C:\Program Files\MATLAB\R2008a\bin\win32\icuio36.dll
0x7aaf0000 - 0x7abb2000 	C:\Program Files\MATLAB\R2008a\bin\win32\icuin36.dll
0x7c420000 - 0x7c4a7000 	C:\WINDOWS\WinSxS\x86_Microsoft.VC80.CRT_1fc8b3b9a1e18e3b_8.0.50727.762_x-ww_6b128700\MSVCP80.dll
0x7e410000 - 0x7e4a1000 	C:\WINDOWS\system32\USER32.dll
0x77f10000 - 0x77f59000 	C:\WINDOWS\system32\GDI32.dll
0x7adc0000 - 0x7af93000 	C:\Program Files\MATLAB\R2008a\bin\win32\libmwservices.dll
0x7ad60000 - 0x7adb2000 	C:\Program Files\MATLAB\R2008a\bin\win32\libmx.dll
0x78680000 - 0x78692000 	C:\Program Files\MATLAB\R2008a\bin\win32\zlib1.dll
0x7afa0000 - 0x7b036000 	C:\Program Files\MATLAB\R2008a\bin\win32\libmwmathutil.dll
0x791b0000 - 0x791e3000 	C:\Program Files\MATLAB\R2008a\bin\win32\mpath.dll
0x7b500000 - 0x7b515000 	C:\Program Files\MATLAB\R2008a\bin\win32\mlutil.dll
0x00300000 - 0x0039a000 	C:\WINDOWS\system32\COMCTL32.dll
0x763b0000 - 0x763f9000 	C:\WINDOWS\system32\comdlg32.dll
0x7c9c0000 - 0x7d1d7000 	C:\WINDOWS\system32\SHELL32.dll
0x77f60000 - 0x77fd6000 	C:\WINDOWS\system32\SHLWAPI.dll
0x003a0000 - 0x003f5000 	C:\WINDOWS\system32\NETAPI32.dll
0x71ab0000 - 0x71ac7000 	C:\WINDOWS\system32\WS2_32.dll
0x71aa0000 - 0x71aa8000 	C:\WINDOWS\system32\WS2HELP.dll
0x79710000 - 0x79746000 	C:\Program Files\MATLAB\R2008a\bin\win32\mcr.dll
0x7a840000 - 0x7a857000 	C:\Program Files\MATLAB\R2008a\bin\win32\iqm.dll
0x78550000 - 0x7856a000 	C:\Program Files\MATLAB\R2008a\bin\win32\bridge.dll
0x7a870000 - 0x7a87e000 	C:\Program Files\MATLAB\R2008a\bin\win32\libmex.dll
0x795e0000 - 0x79638000 	C:\Program Files\MATLAB\R2008a\bin\win32\m_dispatcher.dll
0x78570000 - 0x7858c000 	C:\Program Files\MATLAB\R2008a\bin\win32\datasvcs.dll
0x78a30000 - 0x78bf2000 	C:\Program Files\MATLAB\R2008a\bin\win32\xerces-c_2_7.dll
0x79c90000 - 0x7a1a0000 	C:\Program Files\MATLAB\R2008a\bin\win32\m_interpreter.dll
0x78590000 - 0x785b1000 	C:\Program Files\MATLAB\R2008a\bin\win32\libmat.dll
0x7abc0000 - 0x7ac85000 	C:\Program Files\MATLAB\R2008a\bin\win32\libhdf5.dll
0x794f0000 - 0x79539000 	C:\Program Files\MATLAB\R2008a\bin\win32\profiler.dll
0x7a8d0000 - 0x7a8d9000 	C:\Program Files\MATLAB\R2008a\bin\win32\libmwmathrng.dll
0x78600000 - 0x78612000 	C:\Program Files\MATLAB\R2008a\bin\win32\m_pcodeio.dll
0x79170000 - 0x791a4000 	C:\Program Files\MATLAB\R2008a\bin\win32\m_ir.dll
0x797c0000 - 0x79c8b000 	C:\Program Files\MATLAB\R2008a\bin\win32\m_parser.dll
0x7a860000 - 0x7a86d000 	C:\Program Files\MATLAB\R2008a\bin\win32\ir_xfmr.dll
0x782e0000 - 0x78411000 	C:\Program Files\MATLAB\R2008a\bin\win32\mcos.dll
0x7a900000 - 0x7a90a000 	C:\Program Files\MATLAB\R2008a\bin\win32\mtok.dll
0x785e0000 - 0x785f6000 	C:\Program Files\MATLAB\R2008a\bin\win32\m_pcodegen.dll
0x7a810000 - 0x7a81d000 	C:\Program Files\MATLAB\R2008a\bin\win32\boost_thread-vc80-mt-1_34_1.dll
0x7a6e0000 - 0x7a764000 	C:\Program Files\MATLAB\R2008a\bin\win32\udd.dll
0x7b120000 - 0x7b20d000 	C:\Program Files\MATLAB\R2008a\bin\win32\libmwgui.dll
0x786e0000 - 0x78860000 	C:\Program Files\MATLAB\R2008a\bin\win32\hg.dll
0x790b0000 - 0x790ea000 	C:\Program Files\MATLAB\R2008a\bin\win32\jmi.dll
0x78dd0000 - 0x78dfa000 	C:\Program Files\MATLAB\R2008a\bin\win32\libmwhardcopy.dll
0x79130000 - 0x79169000 	C:\Program Files\MATLAB\R2008a\bin\win32\libuij.dll
0x78860000 - 0x78a22000 	C:\Program Files\MATLAB\R2008a\bin\win32\numerics.dll
0x7a8a0000 - 0x7a8aa000 	C:\Program Files\MATLAB\R2008a\bin\win32\libmwblas.dll
0x7a890000 - 0x7a89c000 	C:\Program Files\MATLAB\R2008a\bin\win32\libmwbinder.dll
0x785c0000 - 0x785df000 	C:\Program Files\MATLAB\R2008a\bin\win32\libmwlapack.dll
0x7b4f0000 - 0x7b4f8000 	C:\Program Files\MATLAB\R2008a\bin\win32\libmwfftw.dll
0x7b520000 - 0x7b54a000 	C:\Program Files\MATLAB\R2008a\bin\win32\libmwrookfastbp.dll
0x78e00000 - 0x78e27000 	C:\Program Files\MATLAB\R2008a\bin\win32\libmwma57.dll
0x7aa40000 - 0x7aaeb000 	C:\Program Files\MATLAB\R2008a\bin\win32\libifcoremd.dll
0x791f0000 - 0x7949f000 	C:\Program Files\MATLAB\R2008a\bin\win32\libmmd.dll
0x7a8c0000 - 0x7a8c8000 	C:\Program Files\MATLAB\R2008a\bin\win32\libmwcsparse.dll
0x796a0000 - 0x79707000 	C:\Program Files\MATLAB\R2008a\bin\win32\libmwumfpack.dll
0x7a880000 - 0x7a888000 	C:\Program Files\MATLAB\R2008a\bin\win32\libmwamd.dll
0x79540000 - 0x79593000 	C:\Program Files\MATLAB\R2008a\bin\win32\libmwcholmod.dll
0x7a8b0000 - 0x7a8b8000 	C:\Program Files\MATLAB\R2008a\bin\win32\libmwcolamd.dll
0x7a770000 - 0x7a804000 	C:\Program Files\MATLAB\R2008a\bin\win32\uiw.dll
0x7a940000 - 0x7a949000 	C:\Program Files\MATLAB\R2008a\bin\win32\uinone.dll
0x781d0000 - 0x782df000 	C:\WINDOWS\WinSxS\x86_Microsoft.VC80.MFC_1fc8b3b9a1e18e3b_8.0.50727.762_x-ww_3bf8fa05\MFC80.DLL
0x73000000 - 0x73026000 	C:\WINDOWS\system32\WINSPOOL.DRV
0x774e0000 - 0x7761d000 	C:\WINDOWS\system32\ole32.dll
0x77120000 - 0x771ab000 	C:\WINDOWS\system32\OLEAUT32.dll
0x79750000 - 0x797b2000 	C:\Program Files\MATLAB\R2008a\bin\win32\udd_mi.dll
0x78620000 - 0x78632000 	C:\Program Files\MATLAB\R2008a\bin\win32\mwoles05.DLL
0x794a0000 - 0x794e3000 	C:\Program Files\MATLAB\R2008a\bin\win32\comcli.dll
0x7c630000 - 0x7c64b000 	C:\WINDOWS\WinSxS\x86_Microsoft.VC80.ATL_1fc8b3b9a1e18e3b_8.0.50727.762_x-ww_cbb27474\ATL80.DLL
0x7a8f0000 - 0x7a8fb000 	C:\Program Files\MATLAB\R2008a\bin\win32\mlautoregister.dll
0x773d0000 - 0x774d3000 	C:\WINDOWS\WinSxS\x86_Microsoft.Windows.Common-Controls_6595b64144ccf1df_6.0.2600.5512_x-ww_35d4ce83\comctl32.dll
0x7b7f0000 - 0x7c0b2000 	C:\Program Files\MATLAB\R2008a\bin\win32\mkl.dll
0x790f0000 - 0x7912e000 	C:\Program Files\MATLAB\R2008a\bin\win32\libguide40.dll
0x7b210000 - 0x7b216000 	C:\Program Files\MATLAB\R2008a\bin\win32\mklcompat.dll
0x7a1a0000 - 0x7a650000 	C:\Program Files\MATLAB\R2008a\bin\win32\mllapack.dll
0x7b700000 - 0x7b7e4000 	C:\Program Files\MATLAB\R2008a\bin\win32\libfftw3i.dll
0x7a950000 - 0x7aa3f000 	C:\Program Files\MATLAB\R2008a\bin\win32\libfftw3f.dll
0x02370000 - 0x0237e000 	C:\WINDOWS\WinSxS\x86_Microsoft.VC80.MFCLOC_1fc8b3b9a1e18e3b_8.0.50727.762_x-ww_91481303\MFC80ENU.DLL
0x74720000 - 0x7476c000 	C:\WINDOWS\system32\MSCTF.dll
0x76d60000 - 0x76d79000 	C:\WINDOWS\system32\iphlpapi.dll
0x74290000 - 0x74294000 	C:\WINDOWS\system32\icmp.Dll
0x78e60000 - 0x790a7000 	C:\Program Files\MATLAB\R2008a\sys\java\jre\win32\jre1.6.0\bin\client\jvm.dll
0x76b40000 - 0x76b6d000 	C:\WINDOWS\system32\WINMM.dll
0x7c340000 - 0x7c396000 	C:\Program Files\MATLAB\R2008a\bin\win32\MSVCR71.dll
0x795a0000 - 0x795a8000 	C:\Program Files\MATLAB\R2008a\sys\java\jre\win32\jre1.6.0\bin\hpi.dll
0x795c0000 - 0x795cc000 	C:\Program Files\MATLAB\R2008a\sys\java\jre\win32\jre1.6.0\bin\verify.dll
0x786a0000 - 0x786bf000 	C:\Program Files\MATLAB\R2008a\sys\java\jre\win32\jre1.6.0\bin\java.dll
0x795d0000 - 0x795df000 	C:\Program Files\MATLAB\R2008a\sys\java\jre\win32\jre1.6.0\bin\zip.dll
0x78c00000 - 0x78dc3000 	C:\Program Files\MATLAB\R2008a\sys\java\jre\win32\jre1.6.0\bin\awt.dll
0x76390000 - 0x763ad000 	C:\WINDOWS\system32\IMM32.dll
0x78640000 - 0x78651000 	C:\Program Files\MATLAB\R2008a\bin\win32\nativejava.dll
0x78660000 - 0x78671000 	C:\Program Files\MATLAB\R2008a\bin\win32\nativejmi.dll
0x7a930000 - 0x7a936000 	C:\Program Files\MATLAB\R2008a\bin\win32\nativeservices.dll
0x79640000 - 0x79693000 	C:\Program Files\MATLAB\R2008a\sys\java\jre\win32\jre1.6.0\bin\fontmanager.dll
0x786c0000 - 0x786d3000 	C:\Program Files\MATLAB\R2008a\sys\java\jre\win32\jre1.6.0\bin\net.dll
0x795b0000 - 0x795b9000 	C:\Program Files\MATLAB\R2008a\sys\java\jre\win32\jre1.6.0\bin\nio.dll
0x7b550000 - 0x7b556000 	C:\Program Files\MATLAB\R2008a\bin\win32\nativelmgr.dll
0x14ce0000 - 0x14ce7000 	C:\Program Files\MATLAB\R2008a\bin\win32\nativemlint.dll
0x14d00000 - 0x14d40000 	C:\Program Files\MATLAB\R2008a\bin\win32\mlint.dll
0x7b560000 - 0x7b6fd000 	C:\Program Files\MATLAB\R2008a\bin\win32\instutil.dll
0x71a50000 - 0x71a8f000 	C:\WINDOWS\System32\mswsock.dll
0x76f20000 - 0x76f47000 	C:\WINDOWS\system32\DNSAPI.dll
0x76fb0000 - 0x76fb8000 	C:\WINDOWS\System32\winrnr.dll
0x76f60000 - 0x76f8c000 	C:\WINDOWS\system32\WLDAP32.dll
0x76fc0000 - 0x76fc6000 	C:\WINDOWS\system32\rasadhlp.dll
0x7a910000 - 0x7a91c000 	C:\Program Files\MATLAB\R2008a\bin\win32\nativecmdwin.dll
0x7a920000 - 0x7a926000 	C:\Program Files\MATLAB\R2008a\bin\win32\nativelex.dll
0x03460000 - 0x03469000 	C:\WINDOWS\system32\mslbui.dll
0x7e5a0000 - 0x7e65a000 	C:\WINDOWS\System32\spool\DRIVERS\W32X86\3\UNIDRVUI.DLL
0x77c00000 - 0x77c08000 	C:\WINDOWS\system32\VERSION.dll
0x78e30000 - 0x78e53000 	C:\Program Files\MATLAB\R2008a\sys\java\jre\win32\jre1.6.0\bin\dcpr.dll
0x78420000 - 0x78544000 	C:\Program Files\MATLAB\R2008a\bin\win32\libmwbuiltins.dll
0x77b40000 - 0x77b62000 	C:\WINDOWS\system32\Apphelp.dll
0x7b220000 - 0x7b31e000 	C:\Program Files\MATLAB\R2008a\sys\webrenderer\windows\webrenderer.dll
0x771b0000 - 0x7725a000 	C:\WINDOWS\system32\WININET.dll

VM Arguments:
jvm_args: -Xss512k -XX:PermSize=32M -Xms64m -XX:NewRatio=3 -XX:MaxPermSize=64M -Xmx128m -XX:MaxDirectMemorySize=1200000000 -Dsun.java2d.noddraw=true -Dsun.awt.nopixfmt=true -Xshare:off -Xrs -Djava.library.path=C:\Program Files\MATLAB\R2008a\bin\win32 vfprintf abort
java_command: <unknown>
Launcher Type: generic

Environment Variables:
CLASSPATH=.;C:\Program Files\QuickTime\QTSystem\QTJava.zip
PATH=C:\Program Files\MATLAB\R2008a\sys\java\jre\win32\jre1.6.0\bin;C:\Program Files\MATLAB\R2008a\sys\webrenderer\windows\corecomponents;C:\Program Files\MATLAB\R2008a\sys\webrenderer\windows;C:\MATLAB6p1\bin\win32;C:\WINDOWS\system32;C:\WINDOWS;C:\WINDOWS\system32\wbem;C:\Program Files\MATLAB\R2008a\bin;C:\Program Files\MATLAB\R2008a\bin\win32;C:\Program Files\MATLAB\R2007a\bin;C:\Program Files\MATLAB\R2007a\bin\win32;c:\program files\matlab71\bin\win32;c:\program files\quicktime\qtsystem\;c:\program files\matlab704\bin\win32;c:\matlab6p1\bin\win32;
USERNAME=marcel
OS=Windows_NT
PROCESSOR_IDENTIFIER=x86 Family 6 Model 15 Stepping 6, GenuineIntel



---------------  S Y S T E M  ---------------

OS: Windows XP Build 2600 Service Pack 3

CPU:total 2 family 6, cmov, cx8, fxsr, mmx, sse, sse2

Memory: 4k page, physical 2086440k(1262644k free), swap 4024312k(3476636k free)

vm_info: Java HotSpot(TM) Client VM (1.6.0-b105) for windows-x86, built on Nov 29 2006 00:48:48 by "java_re" with unknown MS VC++:1310

